<?xml version="1.0" encoding="UTF-8"?>
<testsuite name="ParcelTest" tests="1" skipped="0" failures="0" errors="0" timestamp="2017-06-27T22:16:40" hostname="epicodus-101.local" time="0.0">
  <properties/>
  <testcase name="addParcel_HeightWeightWidth_Int" classname="ParcelTest" time="0.0"/>
  <system-out><![CDATA[]]></system-out>
  <system-err><![CDATA[]]></system-err>
</testsuite>
